<?xml version="1.0" encoding="UTF-8"?>
<!-- Generated by org.testng.reporters.JUnitXMLReporter -->
<testsuite ignored="0" hostname="Madhu" failures="0" tests="3" name="Default test" time="19.884" errors="0" timestamp="2024-02-19T00:56:20 IST">
  <testcase classname="com.OrangeHRMApplicationPageTests.LogInPageTest" name="orangeHMRApplicationLogInPage_logInPannelText_Test" time="0.068"/>
  <testcase classname="com.OrangeHRMApplicationPageTests.LogInPageTest" name="orangeHRMApplicationLogInPage_LogoValidationTest" time="0.082"/>
  <testcase classname="com.OrangeHRMApplicationPageTests.LogInPageTest" name="orangeHRMApplicationLogInPage_LogInTest" time="13.487"/>
</testsuite> <!-- Default test -->
