<?xml version="1.0" encoding="UTF-8"?>
<testng-results ignored="0" total="3" passed="3" failed="0" skipped="0">
  <reporter-output>
  </reporter-output>
  <suite started-at="2024-02-19T00:56:00 IST" name="Default suite" finished-at="2024-02-19T00:56:20 IST" duration-ms="19884">
    <groups>
    </groups>
    <test started-at="2024-02-19T00:56:00 IST" name="Default test" finished-at="2024-02-19T00:56:20 IST" duration-ms="19884">
      <class name="com.OrangeHRMApplicationPageTests.LogInPageTest">
        <test-method is-config="true" signature="setUp()[pri:0, instance:com.OrangeHRMApplicationPageTests.LogInPageTest@76a4ebf2]" started-at="2024-02-19T00:56:00 IST" name="setUp" finished-at="2024-02-19T00:56:03 IST" duration-ms="2475" status="PASS">
          <reporter-output>
          </reporter-output>
        </test-method> <!-- setUp -->
        <test-method signature="orangeHMRApplicationLogInPage_logInPannelText_Test()[pri:1, instance:com.OrangeHRMApplicationPageTests.LogInPageTest@76a4ebf2]" started-at="2024-02-19T00:56:03 IST" name="orangeHMRApplicationLogInPage_logInPannelText_Test" description=" Validating OrangeHRMApplication LogIn Page Text " finished-at="2024-02-19T00:56:03 IST" duration-ms="68" status="PASS">
          <reporter-output>
          </reporter-output>
        </test-method> <!-- orangeHMRApplicationLogInPage_logInPannelText_Test -->
        <test-method is-config="true" signature="setUp()[pri:0, instance:com.OrangeHRMApplicationPageTests.LogInPageTest@76a4ebf2]" started-at="2024-02-19T00:56:03 IST" name="setUp" finished-at="2024-02-19T00:56:05 IST" duration-ms="1763" status="PASS">
          <reporter-output>
          </reporter-output>
        </test-method> <!-- setUp -->
        <test-method signature="orangeHRMApplicationLogInPage_LogoValidationTest()[pri:2, instance:com.OrangeHRMApplicationPageTests.LogInPageTest@76a4ebf2]" started-at="2024-02-19T00:56:05 IST" name="orangeHRMApplicationLogInPage_LogoValidationTest" description=" Validation OrangeHRM Application LogIn Page Logo" finished-at="2024-02-19T00:56:05 IST" duration-ms="82" status="PASS">
          <reporter-output>
          </reporter-output>
        </test-method> <!-- orangeHRMApplicationLogInPage_LogoValidationTest -->
        <test-method is-config="true" signature="setUp()[pri:0, instance:com.OrangeHRMApplicationPageTests.LogInPageTest@76a4ebf2]" started-at="2024-02-19T00:56:05 IST" name="setUp" finished-at="2024-02-19T00:56:07 IST" duration-ms="1959" status="PASS">
          <reporter-output>
          </reporter-output>
        </test-method> <!-- setUp -->
        <test-method signature="orangeHRMApplicationLogInPage_LogInTest()[pri:3, instance:com.OrangeHRMApplicationPageTests.LogInPageTest@76a4ebf2]" started-at="2024-02-19T00:56:07 IST" name="orangeHRMApplicationLogInPage_LogInTest" description=" Validation OrangeHRM Application LogIn Functionality" finished-at="2024-02-19T00:56:20 IST" duration-ms="13487" status="PASS">
          <reporter-output>
          </reporter-output>
        </test-method> <!-- orangeHRMApplicationLogInPage_LogInTest -->
      </class> <!-- com.OrangeHRMApplicationPageTests.LogInPageTest -->
    </test> <!-- Default test -->
  </suite> <!-- Default suite -->
</testng-results>
