<?xml version="1.0" encoding="UTF-8"?>
<testng-results ignored="0" total="4" passed="4" failed="0" skipped="0">
  <reporter-output>
  </reporter-output>
  <suite started-at="2024-02-13T20:54:35 IST" name="Default suite" finished-at="2024-02-13T20:54:59 IST" duration-ms="23837">
    <groups>
    </groups>
    <test started-at="2024-02-13T20:54:35 IST" name="Default test" finished-at="2024-02-13T20:54:59 IST" duration-ms="23837">
      <class name="com.config.LogInTest">
        <test-method is-config="true" signature="setUp()[pri:0, instance:com.config.LogInTest@18d87d80]" started-at="2024-02-13T20:54:35 IST" name="setUp" finished-at="2024-02-13T20:54:37 IST" duration-ms="1805" status="PASS">
          <reporter-output>
          </reporter-output>
        </test-method> <!-- setUp -->
        <test-method signature="logInPageTest()[pri:1, instance:com.config.LogInTest@18d87d80]" started-at="2024-02-13T20:54:37 IST" name="logInPageTest" description="Validating OrangeHRM Application LogIn WebPage" finished-at="2024-02-13T20:54:37 IST" duration-ms="31" status="PASS">
          <reporter-output>
          </reporter-output>
        </test-method> <!-- logInPageTest -->
        <test-method signature="logInTest()[pri:2, instance:com.config.LogInTest@18d87d80]" started-at="2024-02-13T20:54:37 IST" name="logInTest" description="Validating OrangeHRM Application LogIn Functionality" finished-at="2024-02-13T20:54:38 IST" duration-ms="1272" status="PASS">
          <reporter-output>
          </reporter-output>
        </test-method> <!-- logInTest -->
        <test-method signature="homePageTest()[pri:3, instance:com.config.LogInTest@18d87d80]" started-at="2024-02-13T20:54:38 IST" name="homePageTest" description="Validating OrangeHRM Application HomePage WebPage" finished-at="2024-02-13T20:54:38 IST" duration-ms="142" status="PASS">
          <reporter-output>
          </reporter-output>
        </test-method> <!-- homePageTest -->
        <test-method signature="logOutTest()[pri:4, instance:com.config.LogInTest@18d87d80]" started-at="2024-02-13T20:54:38 IST" name="logOutTest" description="Validating OrangeHRM Application LogOut Functionality" finished-at="2024-02-13T20:54:59 IST" duration-ms="20488" status="PASS">
          <reporter-output>
          </reporter-output>
        </test-method> <!-- logOutTest -->
        <test-method is-config="true" signature="tearDown()[pri:0, instance:com.config.LogInTest@18d87d80]" started-at="2024-02-13T20:54:59 IST" name="tearDown" finished-at="2024-02-13T20:54:59 IST" duration-ms="77" status="PASS">
          <reporter-output>
          </reporter-output>
        </test-method> <!-- tearDown -->
      </class> <!-- com.config.LogInTest -->
    </test> <!-- Default test -->
  </suite> <!-- Default suite -->
</testng-results>
