<?xml version="1.0" encoding="UTF-8"?>
<!-- Generated by org.testng.reporters.JUnitXMLReporter -->
<testsuite ignored="0" hostname="Madhu" failures="0" tests="4" name="Default test" time="23.837" errors="0" timestamp="2024-02-13T20:54:59 IST">
  <testcase classname="com.config.LogInTest" name="logInPageTest" time="0.031"/>
  <testcase classname="com.config.LogInTest" name="logInTest" time="1.272"/>
  <testcase classname="com.config.LogInTest" name="homePageTest" time="0.142"/>
  <testcase classname="com.config.LogInTest" name="logOutTest" time="20.488"/>
</testsuite> <!-- Default test -->
